<?xml version="1.0" encoding="UTF-8"?>
<!-- Generated by org.testng.reporters.JUnitXMLReporter -->
<testsuite hostname="Tulsi-PC" name="FirefoxTest" tests="2" failures="0" timestamp="17 Jun 2018 11:36:11 GMT" time="44.142" errors="0">
  <testcase name="verify_Login" time="3.7" classname="com.ranFordBank.RanFordBank.TestExecution"/>
  <testcase name="varify_excelcontent" time="0.0" classname="com.ranFordBank.RanFordBank.TestExecution">
    <skipped/>
  </testcase> <!-- varify_excelcontent -->
</testsuite> <!-- FirefoxTest -->
